<?xml version="1.0" encoding="UTF-8"?>
<!-- Generated by org.testng.reporters.JUnitReportReporter -->
<testsuite hostname="BLRSFLT195" failures="0" tests="51" name="org.pro.FooterLinks" time="346.770" errors="0" timestamp="07 Nov 2022 15:29:04 GMT" skipped="2">
  <testcase classname="org.pro.FooterLinks" name="shopTyresBySize" time="5.776"/>
  <testcase classname="org.pro.FooterLinks" name="shopTyresByCar" time="3.292"/>
  <testcase classname="org.pro.FooterLinks" name="shopTyresByBrand" time="3.331"/>
  <testcase classname="org.pro.FooterLinks" name="engineoilAndLubricants" time="7.960"/>
  <testcase classname="org.pro.FooterLinks" name="batteries" time="7.371"/>
  <testcase classname="org.pro.FooterLinks" name="Accessories" time="7.080"/>
  <testcase classname="org.pro.FooterLinks" name="mobileVanServieces" time="7.538"/>
  <testcase classname="org.pro.FooterLinks" name="brakeServieces" time="8.311"/>
  <testcase classname="org.pro.FooterLinks" name="tyreRotation" time="7.376"/>
  <testcase classname="org.pro.FooterLinks" name="wheelAlignment" time="8.839"/>
  <testcase classname="org.pro.FooterLinks" name="wheelBalancing" time="8.591"/>
  <testcase classname="org.pro.FooterLinks" name="punctureRepair" time="7.475"/>
  <testcase classname="org.pro.FooterLinks" name="allServices" time="8.632"/>
  <testcase classname="org.pro.FooterLinks" name="ourLocations" time="11.372"/>
  <testcase classname="org.pro.FooterLinks" name="acceptedDiscountCards" time="9.021"/>
  <testcase classname="org.pro.FooterLinks" name="easyPaymentPlans" time="7.852"/>
  <testcase classname="org.pro.FooterLinks" name="proBlogs" time="8.275"/>
  <testcase classname="org.pro.FooterLinks" name="siteMap" time="6.854"/>
  <testcase classname="org.pro.FooterLinks" name="dunlop" time="8.016"/>
  <testcase classname="org.pro.FooterLinks" name="falken" time="7.490"/>
  <testcase classname="org.pro.FooterLinks" name="Petronas" time="7.584"/>
  <testcase classname="org.pro.FooterLinks" name="iQPower" time="7.427"/>
  <testcase classname="org.pro.FooterLinks" name="allBrands" time="10.464"/>
  <testcase classname="org.pro.FooterLinks" name="contactUs" time="6.630"/>
  <testcase classname="org.pro.FooterLinks" name="getAQuote" time="4.287"/>
  <testcase classname="org.pro.FooterLinks" name="whatsAppSupport" time="4.192"/>
  <testcase classname="org.pro.FooterLinks" name="whoWeAre" time="9.801"/>
  <testcase classname="org.pro.FooterLinks" name="locations" time="6.813"/>
  <testcase classname="org.pro.FooterLinks" name="esagTba" time="8.339"/>
  <testcase classname="org.pro.FooterLinks" name="aboutEsag" time="8.319"/>
  <testcase classname="org.pro.FooterLinks" name="careers" time="8.274"/>
  <testcase classname="org.pro.FooterLinks" name="companyNews" time="9.735"/>
  <testcase classname="org.pro.FooterLinks" name="testimonials" time="7.342"/>
  <testcase classname="org.pro.FooterLinks" name="login" time="7.378"/>
  <testcase classname="org.pro.FooterLinks" name="register" time="6.798"/>
  <testcase classname="org.pro.FooterLinks" name="myOrders" time="7.110"/>
  <testcase classname="org.pro.FooterLinks" name="myAddress" time="6.673"/>
  <testcase classname="org.pro.FooterLinks" name="accountSettting" time="7.476"/>
  <testcase classname="org.pro.FooterLinks" name="fAQs" time="9.137"/>
  <testcase classname="org.pro.FooterLinks" name="tyreCare" time="9.157"/>
  <testcase classname="org.pro.FooterLinks" name="deliveryPolicy" time="7.231"/>
  <testcase classname="org.pro.FooterLinks" name="termsAndConditions" time="6.830"/>
  <testcase classname="org.pro.FooterLinks" name="privacyPolicy" time="7.178"/>
  <testcase classname="org.pro.FooterLinks" name="uaeConsumerRights" time="7.630"/>
  <testcase classname="org.pro.FooterLinks" name="newsLetter" time="0.324"/>
  <testcase classname="org.pro.FooterLinks" name="facebook" time="0.346"/>
  <testcase classname="org.pro.FooterLinks" name="instagram" time="0.800"/>
  <testcase classname="org.pro.FooterLinks" name="socialMedia" time="6.747"/>
  <testcase classname="org.pro.FooterLinks" name="algurgLink" time="6.296"/>
  <testcase classname="org.pro.FooterLinks" name="emailUs">
    <skipped/>
  </testcase> <!-- emailUs -->
  <testcase classname="org.pro.FooterLinks" name="tyres800">
    <skipped/>
  </testcase> <!-- tyres800 -->
</testsuite> <!-- org.pro.FooterLinks -->
