<?xml version="1.0" encoding="UTF-8"?>
<!-- Generated by org.testng.reporters.JUnitReportReporter -->
<testsuite hostname="BLRSFLT195" failures="0" tests="4" name="org.pro.MultipleLogin" time="246.581" errors="0" timestamp="08 Nov 2022 16:17:10 GMT" skipped="0">
  <testcase classname="org.pro.MultipleLogin" name="credentials" time="42.373"/>
  <testcase classname="org.pro.MultipleLogin" name="credentials" time="50.963"/>
  <testcase classname="org.pro.MultipleLogin" name="credentials" time="82.151"/>
  <testcase classname="org.pro.MultipleLogin" name="credentials" time="71.094"/>
</testsuite> <!-- org.pro.MultipleLogin -->
