<?xml version="1.0" encoding="UTF-8"?>
<!-- Generated by org.testng.reporters.JUnitReportReporter -->
<testsuite hostname="BLRSFLT195" failures="0" tests="8" name="org.pro.Purchase" time="76.665" errors="0" timestamp="07 Nov 2022 17:40:29 GMT" skipped="0">
  <testcase classname="org.pro.Purchase" name="signIn" time="9.227"/>
  <testcase classname="org.pro.Purchase" name="productSelection" time="11.131"/>
  <testcase classname="org.pro.Purchase" name="cartDetails" time="10.488"/>
  <testcase classname="org.pro.Purchase" name="checkout" time="7.179"/>
  <testcase classname="org.pro.Purchase" name="Payment" time="17.481"/>
  <testcase classname="org.pro.Purchase" name="acsEmulator" time="17.134"/>
  <testcase classname="org.pro.Purchase" name="success" time="0.015"/>
  <testcase classname="org.pro.Purchase" name="end" time="4.010"/>
</testsuite> <!-- org.pro.Purchase -->
