<?xml version="1.0" encoding="UTF-8"?>
<!-- Generated by org.testng.reporters.JUnitReportReporter -->
<testsuite hostname="BLRSFLT195" failures="0" tests="8" name="org.pro.ProductPurchase" time="415.476" errors="0" timestamp="04 Dec 2022 17:27:11 GMT" skipped="6">
  <testcase classname="org.pro.ProductPurchase" name="signIn" time="8.725"/>
  <testcase classname="org.pro.ProductPurchase" name="productSelection" time="406.751"/>
  <testcase classname="org.pro.ProductPurchase" name="success">
    <skipped/>
  </testcase> <!-- success -->
  <testcase classname="org.pro.ProductPurchase" name="Payment">
    <skipped/>
  </testcase> <!-- Payment -->
  <testcase classname="org.pro.ProductPurchase" name="cartDetails">
    <skipped/>
  </testcase> <!-- cartDetails -->
  <testcase classname="org.pro.ProductPurchase" name="acsEmulator">
    <skipped/>
  </testcase> <!-- acsEmulator -->
  <testcase classname="org.pro.ProductPurchase" name="checkout">
    <skipped/>
  </testcase> <!-- checkout -->
  <testcase classname="org.pro.ProductPurchase" name="end">
    <skipped/>
  </testcase> <!-- end -->
</testsuite> <!-- org.pro.ProductPurchase -->
