<?xml version="1.0" encoding="UTF-8"?>
<!-- Generated by org.testng.reporters.JUnitReportReporter -->
<testsuite hostname="BLRSFLT195" failures="0" tests="11" name="org.pro.UserPersonalFunctionalities" time="32.976" errors="0" timestamp="09 Nov 2022 05:00:03 GMT" skipped="7">
  <testcase classname="org.pro.UserPersonalFunctionalities" name="launch" time="11.000"/>
  <testcase classname="org.pro.UserPersonalFunctionalities" name="sign" time="2.745"/>
  <testcase classname="org.pro.UserPersonalFunctionalities" name="login" time="8.592"/>
  <testcase classname="org.pro.UserPersonalFunctionalities" name="newsLetterSubscription" time="10.639"/>
  <testcase classname="org.pro.UserPersonalFunctionalities" name="myproductReviews">
    <skipped/>
  </testcase> <!-- myproductReviews -->
  <testcase classname="org.pro.UserPersonalFunctionalities" name="addressBook">
    <skipped/>
  </testcase> <!-- addressBook -->
  <testcase classname="org.pro.UserPersonalFunctionalities" name="storeCredit">
    <skipped/>
  </testcase> <!-- storeCredit -->
  <testcase classname="org.pro.UserPersonalFunctionalities" name="accountInformation">
    <skipped/>
  </testcase> <!-- accountInformation -->
  <testcase classname="org.pro.UserPersonalFunctionalities" name="serviceAppointment">
    <skipped/>
  </testcase> <!-- serviceAppointment -->
  <testcase classname="org.pro.UserPersonalFunctionalities" name="accountInfoEmailAndPasswordUpdate">
    <skipped/>
  </testcase> <!-- accountInfoEmailAndPasswordUpdate -->
  <testcase classname="org.pro.UserPersonalFunctionalities" name="myOrders">
    <skipped/>
  </testcase> <!-- myOrders -->
</testsuite> <!-- org.pro.UserPersonalFunctionalities -->
