<?xml version="1.0" encoding="UTF-8"?>
<!-- Generated by org.testng.reporters.JUnitReportReporter -->
<testsuite hostname="BLRSFLT195" failures="0" tests="3" name="org.pro.Comparison" time="97.273" errors="0" timestamp="08 Nov 2022 15:19:13 GMT" skipped="0">
  <testcase classname="org.pro.Comparison" name="open" time="32.627"/>
  <testcase classname="org.pro.Comparison" name="signIn" time="14.526"/>
  <testcase classname="org.pro.Comparison" name="productSelection" time="50.120"/>
</testsuite> <!-- org.pro.Comparison -->
